###############################################################################
#                                                                             #
# IAR C/C++ Compiler V8.10.3.10338/W32 for 8051         14/Jun/2021  17:24:28 #
# Copyright 2004-2011 IAR Systems AB.                                         #
#                                                                             #
#    Core               =  plain                                              #
#    Code model         =  banked                                             #
#    Data model         =  large                                              #
#    Calling convention =  xdata reentrant                                    #
#    Constant location  =  data_rom                                           #
#    Dptr setup         =  1,16                                               #
#    Source file        =  D:\Desktop\zigbee\Projects\zstack\Samples\GenericA #
#                          pp\Source\led_key.c                                #
#    Command line       =  -f D:\Desktop\zigbee\Projects\zstack\Samples\Gener #
#                          icApp\CC2530DB\..\..\..\Tools\CC2530DB\f8wCoord.cf #
#                          g (-DCPU32MHZ -DROOT=__near_func                   #
#                          -DMAC_CFG_APP_PENDING_QUEUE=TRUE                   #
#                          -DZDO_COORDINATOR -DRTR_NWK -DBLINK_LEDS) -f       #
#                          D:\Desktop\zigbee\Projects\zstack\Samples\GenericA #
#                          pp\CC2530DB\..\..\..\Tools\CC2530DB\f8wConfig.cfg  #
#                          (-DSECURE=0 -DZG_SECURE_DYNAMIC=0 -DREFLECTOR      #
#                          -DDEFAULT_CHANLIST=0x00008000                      #
#                          -DZDAPP_CONFIG_PAN_ID=0x1234                       #
#                          -DNWK_START_DELAY=100 -DEXTENDED_JOINING_RANDOM_MA #
#                          SK=0x007F -DBEACON_REQUEST_DELAY=100               #
#                          -DBEACON_REQ_DELAY_MASK=0x00FF                     #
#                          -DROUTE_EXPIRY_TIME=30 -DAPSC_ACK_WAIT_DURATION_PO #
#                          LLED=3000 -DNWK_INDIRECT_MSG_TIMEOUT=7             #
#                          -DMAX_RREQ_ENTRIES=8 -DAPSC_MAX_FRAME_RETRIES=3    #
#                          -DNWK_MAX_DATA_RETRIES=2                           #
#                          -DMAX_POLL_FAILURE_RETRIES=2 -DMAX_BCAST=9         #
#                          -DAPS_MAX_GROUPS=16 -DMAX_RTG_ENTRIES=40           #
#                          -DNWK_MAX_BINDING_ENTRIES=4                        #
#                          -DMAX_BINDING_CLUSTER_IDS=4 "-DDEFAULT_KEY={0x01,  #
#                          0x03, 0x05, 0x07, 0x09, 0x0B, 0x0D, 0x0F, 0x00,    #
#                          0x02, 0x04, 0x06, 0x08, 0x0A, 0x0C, 0x0D}"         #
#                          -DMAC_MAX_FRAME_SIZE=116 "-DCONST=const __code"    #
#                          -DGENERIC=__generic -DRFD_RCVC_ALWAYS_ON=FALSE     #
#                          -DPOLL_RATE=1000 -DQUEUED_POLL_RATE=100            #
#                          -DRESPONSE_POLL_RATE=100) -DREJOIN_POLL_RATE=440   #
#                          D:\Desktop\zigbee\Projects\zstack\Samples\GenericA #
#                          pp\Source\led_key.c -D ZIGBEEPRO -D ZTOOL_P1 -D    #
#                          MT_TASK -D MT_SYS_FUNC -D MT_ZDO_FUNC -D           #
#                          LCD_SUPPORTED=DEBUG -lC D:\Desktop\zigbee\Projects #
#                          \zstack\Samples\GenericApp\CC2530DB\CoordinatorEB- #
#                          Pro\List\ -lA D:\Desktop\zigbee\Projects\zstack\Sa #
#                          mples\GenericApp\CC2530DB\CoordinatorEB-Pro\List\  #
#                          --diag_suppress Pe001,Pa010 -o                     #
#                          D:\Desktop\zigbee\Projects\zstack\Samples\GenericA #
#                          pp\CC2530DB\CoordinatorEB-Pro\Obj\ -e --debug      #
#                          --core=plain --dptr=16,1 --data_model=large        #
#                          --code_model=banked --calling_convention=xdata_ree #
#                          ntrant --place_constants=data_rom                  #
#                          --nr_virtual_regs 16 -I D:\Desktop\zigbee\Projects #
#                          \zstack\Samples\GenericApp\CC2530DB\ -I            #
#                          D:\Desktop\zigbee\Projects\zstack\Samples\GenericA #
#                          pp\CC2530DB\..\SOURCE\ -I                          #
#                          D:\Desktop\zigbee\Projects\zstack\Samples\GenericA #
#                          pp\CC2530DB\..\..\..\ZMAIN\TI2530DB\ -I            #
#                          D:\Desktop\zigbee\Projects\zstack\Samples\GenericA #
#                          pp\CC2530DB\..\..\..\..\..\COMPONENTS\MT\ -I       #
#                          D:\Desktop\zigbee\Projects\zstack\Samples\GenericA #
#                          pp\CC2530DB\..\..\..\..\..\COMPONENTS\HAL\INCLUDE\ #
#                           -I D:\Desktop\zigbee\Projects\zstack\Samples\Gene #
#                          ricApp\CC2530DB\..\..\..\..\..\COMPONENTS\HAL\TARG #
#                          ET\CC2530EB\ -I D:\Desktop\zigbee\Projects\zstack\ #
#                          Samples\GenericApp\CC2530DB\..\..\..\..\..\COMPONE #
#                          NTS\OSAL\MCU\CCSOC\ -I D:\Desktop\zigbee\Projects\ #
#                          zstack\Samples\GenericApp\CC2530DB\..\..\..\..\..\ #
#                          COMPONENTS\OSAL\INCLUDE\ -I                        #
#                          D:\Desktop\zigbee\Projects\zstack\Samples\GenericA #
#                          pp\CC2530DB\..\..\..\..\..\COMPONENTS\STACK\AF\    #
#                          -I D:\Desktop\zigbee\Projects\zstack\Samples\Gener #
#                          icApp\CC2530DB\..\..\..\..\..\COMPONENTS\STACK\NWK #
#                          \ -I D:\Desktop\zigbee\Projects\zstack\Samples\Gen #
#                          ericApp\CC2530DB\..\..\..\..\..\COMPONENTS\STACK\S #
#                          EC\ -I D:\Desktop\zigbee\Projects\zstack\Samples\G #
#                          enericApp\CC2530DB\..\..\..\..\..\COMPONENTS\STACK #
#                          \SAPI\ -I D:\Desktop\zigbee\Projects\zstack\Sample #
#                          s\GenericApp\CC2530DB\..\..\..\..\..\COMPONENTS\ST #
#                          ACK\SYS\ -I D:\Desktop\zigbee\Projects\zstack\Samp #
#                          les\GenericApp\CC2530DB\..\..\..\..\..\COMPONENTS\ #
#                          STACK\ZDO\ -I D:\Desktop\zigbee\Projects\zstack\Sa #
#                          mples\GenericApp\CC2530DB\..\..\..\..\..\COMPONENT #
#                          S\ZMAC\F8W\ -I D:\Desktop\zigbee\Projects\zstack\S #
#                          amples\GenericApp\CC2530DB\..\..\..\..\..\COMPONEN #
#                          TS\ZMAC\ -I D:\Desktop\zigbee\Projects\zstack\Samp #
#                          les\GenericApp\CC2530DB\..\..\..\..\..\COMPONENTS\ #
#                          SERVICES\SADDR\ -I D:\Desktop\zigbee\Projects\zsta #
#                          ck\Samples\GenericApp\CC2530DB\..\..\..\..\..\COMP #
#                          ONENTS\SERVICES\SDATA\ -I                          #
#                          D:\Desktop\zigbee\Projects\zstack\Samples\GenericA #
#                          pp\CC2530DB\..\..\..\..\..\COMPONENTS\MAC\INCLUDE\ #
#                           -I D:\Desktop\zigbee\Projects\zstack\Samples\Gene #
#                          ricApp\CC2530DB\..\..\..\..\..\COMPONENTS\MAC\HIGH #
#                          _LEVEL\ -I D:\Desktop\zigbee\Projects\zstack\Sampl #
#                          es\GenericApp\CC2530DB\..\..\..\..\..\COMPONENTS\M #
#                          AC\LOW_LEVEL\srf04\ -I D:\Desktop\zigbee\Projects\ #
#                          zstack\Samples\GenericApp\CC2530DB\..\..\..\..\..\ #
#                          COMPONENTS\MAC\LOW_LEVEL\srf04\SINGLE_CHIP\ -Ohz   #
#    List file          =  D:\Desktop\zigbee\Projects\zstack\Samples\GenericA #
#                          pp\CC2530DB\CoordinatorEB-Pro\List\led_key.lst     #
#    Object file        =  D:\Desktop\zigbee\Projects\zstack\Samples\GenericA #
#                          pp\CC2530DB\CoordinatorEB-Pro\Obj\led_key.r51      #
#                                                                             #
#                                                                             #
###############################################################################

D:\Desktop\zigbee\Projects\zstack\Samples\GenericApp\Source\led_key.c
      1          #include "iocc2530.h"

   \                                 In  segment SFR_AN, at 0x80
   \   union <unnamed> volatile __sfr _A_P0
   \                     _A_P0:
   \   000000                DS 1

   \                                 In  segment SFR_AN, at 0x8c
   \   unsigned char volatile __sfr PICTL
   \                     PICTL:
   \   000000                DS 1

   \                                 In  segment SFR_AN, at 0x8f
   \   unsigned char volatile __sfr P0INP
   \                     P0INP:
   \   000000                DS 1

   \                                 In  segment SFR_AN, at 0x90
   \   union <unnamed> volatile __sfr _A_P1
   \                     _A_P1:
   \   000000                DS 1

   \                                 In  segment SFR_AN, at 0x9a
   \   unsigned char volatile __sfr IEN2
   \                     IEN2:
   \   000000                DS 1

   \                                 In  segment SFR_AN, at 0xa8
   \   union <unnamed> volatile __sfr _A_IEN0
   \                     _A_IEN0:
   \   000000                DS 1

   \                                 In  segment SFR_AN, at 0xab
   \   unsigned char volatile __sfr P0IEN
   \                     P0IEN:
   \   000000                DS 1

   \                                 In  segment SFR_AN, at 0xf3
   \   unsigned char volatile __sfr P0SEL
   \                     P0SEL:
   \   000000                DS 1

   \                                 In  segment SFR_AN, at 0xf4
   \   unsigned char volatile __sfr P1SEL
   \                     P1SEL:
   \   000000                DS 1

   \                                 In  segment SFR_AN, at 0xf7
   \   unsigned char volatile __sfr P2INP
   \                     P2INP:
   \   000000                DS 1

   \                                 In  segment SFR_AN, at 0xfd
   \   unsigned char volatile __sfr P0DIR
   \                     P0DIR:
   \   000000                DS 1

   \                                 In  segment SFR_AN, at 0xfe
   \   unsigned char volatile __sfr P1DIR
   \                     P1DIR:
   \   000000                DS 1
      2          #include "led_key.h"
      3          
      4          /*
      5          @led init：对LED进行初始化
      6          @retval:none 
      7          @note:LED对应的引脚是P10和P11，初始化为普通IO，输出模式
      8          */

   \                                 In  segment BANKED_CODE, align 1, keep-with-next
      9          void led_init(void)
   \                     led_init:
     10          {
   \   000000                ; Saved register size: 0
   \   000000                ; Auto size: 0
     11              P1SEL &= 0xfc;  //1111 1100  把P1_0和P1_1设置为通IO模式
   \   000000   53F4FC       ANL     0xf4,#0xfc
     12              P1DIR |= 0x03;  //0000 0011  把P1_0和P1_1设置为输出模式
   \   000003   43FE03       ORL     0xfe,#0x3
     13              P1_0 = 1;
   \   000006   D290         SETB    0x90.0
     14              P1_1 = 1;
   \   000008   D291         SETB    0x90.1
     15          }
   \   00000A   02....       LJMP    ?BRET
   \   00000D                REQUIRE P1SEL
   \   00000D                REQUIRE P1DIR
   \   00000D                REQUIRE _A_P1
     16          
     17          /*
     18          @led ctr1：对LED的状态进行控的函数
     19          @led num：指定对哪一盏LED等进行控制，可选择为LEDO,LED1
     20          @led state：指定LED的状态，可选择为 LED ON, LED OFF 
     21          @retval：none
     22          */

   \                                 In  segment BANKED_CODE, align 1, keep-with-next
     23          void led_ctrl(int led_num,int led_state)
   \                     led_ctrl:
     24          {
   \   000000   74F6         MOV     A,#-0xa
   \   000002   12....       LCALL   ?BANKED_ENTER_XDATA
   \   000005                ; Saved register size: 10
   \   000005                ; Auto size: 0
     25              switch(led_num)
   \   000005   8A..         MOV     ?V0 + 0,R2
   \   000007   8B..         MOV     ?V0 + 1,R3
   \   000009   78..         MOV     R0,#?V0 + 0
   \   00000B   12....       LCALL   ?US_SWITCH_DENSE
   \                     `?<Jumptable for led_ctrl>_0`:
   \   00000E   0000         DW        0
   \   000010   01           DB        1
   \   000011   ....         DW        ??led_ctrl_0
   \   000013   ....         DW        ??led_ctrl_1
   \   000015   ....         DW        ??led_ctrl_2
     26              {
     27              case LED0:
     28                  P1_0 = led_state;
   \                     ??led_ctrl_1:
   \   000017   EC           MOV     A,R4
   \   000018   A2E0         MOV     C,0xE0 /* A   */.0
   \   00001A   9290         MOV     0x90.0,C
     29                  break;
   \   00001C   8005         SJMP    ??led_ctrl_0
     30              case LED1:
     31                  P1_1 = led_state;
   \                     ??led_ctrl_2:
   \   00001E   EC           MOV     A,R4
   \   00001F   A2E0         MOV     C,0xE0 /* A   */.0
   \   000021   9291         MOV     0x90.1,C
     32                  break;
     33              }
     34          }
   \                     ??led_ctrl_0:
   \   000023   7F02         MOV     R7,#0x2
   \   000025   02....       LJMP    ?BANKED_LEAVE_XDATA
   \   000028                REQUIRE _A_P1
     35          
     36          /*
     37          @key init：按键的初始化函数
     38          @retval none 
     39          @note：按键应的引是P12，应初始化为普通IO，上拉输入模式
     40          */

   \                                 In  segment BANKED_CODE, align 1, keep-with-next
     41          void key_init(void)
   \                     key_init:
     42          {
   \   000000                ; Saved register size: 0
   \   000000                ; Auto size: 0
     43          //    P1SEL &= 0xFB;   // 1111 1011 把P12设置为普通IO模式
     44          //    P1DIR &= 0xFB;   // 1111 1011 把P12设置为输入模式
     45          //    P1INP &= 0xFB;   // 1111 1011 把P12设置为上下拉模式
     46          //    P2INP &= 0xBF;   // 1011 1111 把P1组设置为上拉模式
     47              
     48              //初始化P0_1
     49              P0SEL &= ~(1<<1);   // 1110 1101 把P01设置为普通IO模式
   \   000000   53F3FD       ANL     0xf3,#0xfd
     50              P0DIR &= ~(1<<1);   // 1111 1101 把P04设置为输入模式
   \   000003   53FDFD       ANL     0xfd,#0xfd
     51              P0INP &= ~(1<<1);   // 1110 1111 把P04设置为上下拉模式
   \   000006   538FFD       ANL     0x8f,#0xfd
     52              P2INP &= ~(1<<5);   // 1101 1111 把P0组设置为上拉模式
   \   000009   53F7DF       ANL     0xf7,#0xdf
     53          }
   \   00000C   02....       LJMP    ?BRET
   \   00000F                REQUIRE P0SEL
   \   00000F                REQUIRE P0DIR
   \   00000F                REQUIRE P0INP
   \   00000F                REQUIRE P2INP
     54          

   \                                 In  segment BANKED_CODE, align 1, keep-with-next
     55          int key_status(void)
   \                     key_status:
     56          {
   \   000000                ; Saved register size: 0
   \   000000                ; Auto size: 0
     57              return P0_1;
   \   000000   A281         MOV     C,0x80.1
   \   000002   E4           CLR     A
   \   000003   33           RLC     A
   \   000004   FA           MOV     R2,A
   \   000005   7B00         MOV     R3,#0x0
   \   000007   02....       LJMP    ?BRET
   \   00000A                REQUIRE _A_P0
     58          }
     59          
     60          /*
     61          @exti_init：中断初始化函数
     62          @retval none 
     63          @note：none
     64          */

   \                                 In  segment BANKED_CODE, align 1, keep-with-next
     65          void exti_init()
   \                     exti_init:
     66          {
   \   000000   C082         PUSH    DPL
   \   000002   C083         PUSH    DPH
   \   000004                ; Saved register size: 2
   \   000004                ; Auto size: 0
     67            //(1)初始化IO口工作在普通IO模式，上拉输入状态
     68              key_init();
   \   000004                ; Setup parameters for call to function key_init
   \   000004   12....       LCALL   ??key_init?relay
     69              //(2)首先打开IO口组中断允许位===>PxIE
     70              IEN2 |= 1<<5;   //0001 0000 0x10
   \   000007   439A20       ORL     0x9a,#0x20
     71              //(3)打开组内对应的具体某IO口中断====>PxIEN
     72              P0IEN |= 1<<1;  //0000 0100 0x40
   \   00000A   43AB02       ORL     0xab,#0x2
     73              //(4)设置是上升沿还是下降沿触发===>PICTL(0,代表上升沿触发；1，代表下降沿触发)
     74              PICTL |= 1<<0;  //0000 0010 0x02 设置为下降沿触发
   \   00000D   438C01       ORL     0x8c,#0x1
     75              //(5)打开CPU总中断 EA=1;
     76              EA = 1;
   \   000010   D2AF         SETB    0xa8.7
     77          }
   \   000012   D083         POP     DPH
   \   000014   D082         POP     DPL
   \   000016   02....       LJMP    ?BRET
   \   000019                REQUIRE IEN2
   \   000019                REQUIRE P0IEN
   \   000019                REQUIRE PICTL
   \   000019                REQUIRE _A_IEN0
     78          

   \                                 In  segment BANKED_CODE, align 1, keep-with-next
     79          void delay_ms(int n)
   \                     delay_ms:
     80          {
   \   000000                ; Saved register size: 0
   \   000000                ; Auto size: 0
     81               int i;
     82               while(n--)
   \                     ??delay_ms_0:
   \   000000   EA           MOV     A,R2
   \   000001   F8           MOV     R0,A
   \   000002   EB           MOV     A,R3
   \   000003   F9           MOV     R1,A
   \   000004   E8           MOV     A,R0
   \   000005   24FF         ADD     A,#-0x1
   \   000007   1A           DEC     R2
   \   000008   E9           MOV     A,R1
   \   000009   34FF         ADDC    A,#-0x1
   \   00000B   FB           MOV     R3,A
   \   00000C   E8           MOV     A,R0
   \   00000D   49           ORL     A,R1
   \   00000E   70F0         JNZ     ??delay_ms_0
     83                   for(i=0;i<587;i++);
     84          }
   \   000010   02....       LJMP    ?BRET

   \                                 In  segment BANK_RELAYS, align 1
   \                     ??led_init?relay:
   \   000000   12....       LCALL   ?BDISPATCH
   \   000003   ......       DC24    led_init

   \                                 In  segment BANK_RELAYS, align 1
   \                     ??led_ctrl?relay:
   \   000000   12....       LCALL   ?BDISPATCH
   \   000003   ......       DC24    led_ctrl

   \                                 In  segment BANK_RELAYS, align 1
   \                     ??key_init?relay:
   \   000000   12....       LCALL   ?BDISPATCH
   \   000003   ......       DC24    key_init

   \                                 In  segment BANK_RELAYS, align 1
   \                     ??key_status?relay:
   \   000000   12....       LCALL   ?BDISPATCH
   \   000003   ......       DC24    key_status

   \                                 In  segment BANK_RELAYS, align 1
   \                     ??exti_init?relay:
   \   000000   12....       LCALL   ?BDISPATCH
   \   000003   ......       DC24    exti_init

   \                                 In  segment BANK_RELAYS, align 1
   \                     ??delay_ms?relay:
   \   000000   12....       LCALL   ?BDISPATCH
   \   000003   ......       DC24    delay_ms
     85          
     86          

   Maximum stack usage in bytes:

     Function      ISTACK PSTACK XSTACK
     --------      ------ ------ ------
     delay_ms          0      0      0
     exti_init         2      0      0
       -> key_init     4      0      0
     key_init          0      0      0
     key_status        0      0      0
     led_ctrl          0      0     10
     led_init          0      0      0


   Segment part sizes:

     Function/Label     Bytes
     --------------     -----
     _A_P0                 1
     PICTL                 1
     P0INP                 1
     _A_P1                 1
     IEN2                  1
     _A_IEN0               1
     P0IEN                 1
     P0SEL                 1
     P1SEL                 1
     P2INP                 1
     P0DIR                 1
     P1DIR                 1
     led_init             13
     led_ctrl             40
     key_init             15
     key_status           10
     exti_init            25
     delay_ms             19
     ??led_init?relay      6
     ??led_ctrl?relay      6
     ??key_init?relay      6
     ??key_status?relay    6
     ??exti_init?relay     6
     ??delay_ms?relay      6

 
 122 bytes in segment BANKED_CODE
  36 bytes in segment BANK_RELAYS
  12 bytes in segment SFR_AN
 
 158 bytes of CODE memory
   0 bytes of DATA memory (+ 12 bytes shared)

Errors: none
Warnings: none
